[134604.PM] ~Batch update returned unexpected row count from update; actual row count: 0; expected: 1
   at NHibernate.AdoNet.Expectations.VerifyOutcomeBatched(Int32 expectedRowCount, Int32 rowCount)
   at NHibernate.AdoNet.SqlClientBatchingBatcher.DoExecuteBatch(IDbCommand ps)
   at NHibernate.AdoNet.AbstractBatcher.ExecuteBatchWithTiming(IDbCommand ps)
   at NHibernate.AdoNet.AbstractBatcher.ExecuteBatch()
   at NHibernate.Engine.ActionQueue.ExecuteActions(IList list)
   at NHibernate.Engine.ActionQueue.ExecuteActions()
   at NHibernate.Event.Default.AbstractFlushingEventListener.PerformExecutions(IEventSource session)
   at NHibernate.Event.Default.DefaultFlushEventListener.OnFlush(FlushEvent event)
   at NHibernate.Impl.SessionImpl.Flush()
   at NHibernate.Transaction.AdoTransaction.Commit()
   at DigitizingDataBizLayer.Repositories.RepositoryBase`1.Update(T theEntity) in d:\MUHAHALA\VS2012_PROJECTS\VslaLinkage\DigitizingDataBizLayer\Repositories\RepositoryBase.cs:line 120
[135358.PM] ~a different object with the same identifier value was already associated with the session: 7, of entity: DigitizingDataDomain.Model.VslaCycle
   at NHibernate.Engine.StatefulPersistenceContext.CheckUniqueness(EntityKey key, Object obj)
   at NHibernate.Event.Default.DefaultSaveOrUpdateEventListener.PerformUpdate(SaveOrUpdateEvent event, Object entity, IEntityPersister persister)
   at NHibernate.Event.Default.DefaultSaveOrUpdateEventListener.EntityIsDetached(SaveOrUpdateEvent event)
   at NHibernate.Event.Default.DefaultUpdateEventListener.PerformSaveOrUpdate(SaveOrUpdateEvent event)
   at NHibernate.Event.Default.DefaultSaveOrUpdateEventListener.OnSaveOrUpdate(SaveOrUpdateEvent event)
   at NHibernate.Impl.SessionImpl.FireUpdate(SaveOrUpdateEvent event)
   at NHibernate.Impl.SessionImpl.Update(Object obj)
   at DigitizingDataBizLayer.Repositories.RepositoryBase`1.Update(T theEntity) in d:\MUHAHALA\VS2012_PROJECTS\VslaLinkage\DigitizingDataBizLayer\Repositories\RepositoryBase.cs:line 119
[135747.PM] ~a different object with the same identifier value was already associated with the session: 7, of entity: DigitizingDataDomain.Model.VslaCycle
   at NHibernate.Engine.StatefulPersistenceContext.CheckUniqueness(EntityKey key, Object obj)
   at NHibernate.Event.Default.DefaultSaveOrUpdateEventListener.PerformUpdate(SaveOrUpdateEvent event, Object entity, IEntityPersister persister)
   at NHibernate.Event.Default.DefaultSaveOrUpdateEventListener.EntityIsDetached(SaveOrUpdateEvent event)
   at NHibernate.Event.Default.DefaultUpdateEventListener.PerformSaveOrUpdate(SaveOrUpdateEvent event)
   at NHibernate.Event.Default.DefaultSaveOrUpdateEventListener.OnSaveOrUpdate(SaveOrUpdateEvent event)
   at NHibernate.Impl.SessionImpl.FireUpdate(SaveOrUpdateEvent event)
   at NHibernate.Impl.SessionImpl.Update(Object obj)
   at DigitizingDataBizLayer.Repositories.RepositoryBase`1.Update(T theEntity) in d:\MUHAHALA\VS2012_PROJECTS\VslaLinkage\DigitizingDataBizLayer\Repositories\RepositoryBase.cs:line 119
