[180229.PM] ~SqlDateTime overflow. Must be between 1/1/1753 12:00:00 AM and 12/31/9999 11:59:59 PM.
   at System.Data.SqlClient.TdsParser.TdsExecuteRPC(_SqlRPC[] rpcArray, Int32 timeout, Boolean inSchema, SqlNotificationRequest notificationRequest, TdsParserStateObject stateObj, Boolean isCommandProc, Boolean sync, TaskCompletionSource`1 completion, Int32 startRpc, Int32 startParam)
   at System.Data.SqlClient.SqlCommand.RunExecuteReaderTds(CommandBehavior cmdBehavior, RunBehavior runBehavior, Boolean returnStream, Boolean async, Int32 timeout, Task& task, Boolean asyncWrite, SqlDataReader ds)
   at System.Data.SqlClient.SqlCommand.RunExecuteReader(CommandBehavior cmdBehavior, RunBehavior runBehavior, Boolean returnStream, String method, TaskCompletionSource`1 completion, Int32 timeout, Task& task, Boolean asyncWrite)
   at System.Data.SqlClient.SqlCommand.InternalExecuteNonQuery(TaskCompletionSource`1 completion, String methodName, Boolean sendToPipe, Int32 timeout, Boolean asyncWrite)
   at System.Data.SqlClient.SqlCommand.ExecuteNonQuery()
   at System.Data.SqlClient.SqlCommand.ExecuteBatchRPCCommand()
   at System.Data.SqlClient.SqlCommandSet.ExecuteNonQuery()
   at NHibernate.AdoNet.SqlClientSqlCommandSet.ExecuteNonQuery()
   at NHibernate.AdoNet.SqlClientBatchingBatcher.DoExecuteBatch(IDbCommand ps)
   at NHibernate.AdoNet.AbstractBatcher.ExecuteBatchWithTiming(IDbCommand ps)
   at NHibernate.AdoNet.AbstractBatcher.ExecuteBatch()
   at NHibernate.Engine.ActionQueue.ExecuteActions(IList list)
   at NHibernate.Engine.ActionQueue.ExecuteActions()
   at NHibernate.Event.Default.AbstractFlushingEventListener.PerformExecutions(IEventSource session)
   at NHibernate.Event.Default.DefaultFlushEventListener.OnFlush(FlushEvent event)
   at NHibernate.Impl.SessionImpl.Flush()
   at NHibernate.Transaction.AdoTransaction.Commit()
   at DigitizingDataBizLayer.Repositories.RepositoryBase`1.Update(T theEntity) in c:\Users\AGGREY\Documents\GitHub\GF_Web_Applications\applab-ug.applabmoney-ddlinkage\DigitizingDataBizLayer\Repositories\RepositoryBase.cs:line 143
[180327.PM] ~SqlDateTime overflow. Must be between 1/1/1753 12:00:00 AM and 12/31/9999 11:59:59 PM.
   at System.Data.SqlClient.TdsParser.TdsExecuteRPC(_SqlRPC[] rpcArray, Int32 timeout, Boolean inSchema, SqlNotificationRequest notificationRequest, TdsParserStateObject stateObj, Boolean isCommandProc, Boolean sync, TaskCompletionSource`1 completion, Int32 startRpc, Int32 startParam)
   at System.Data.SqlClient.SqlCommand.RunExecuteReaderTds(CommandBehavior cmdBehavior, RunBehavior runBehavior, Boolean returnStream, Boolean async, Int32 timeout, Task& task, Boolean asyncWrite, SqlDataReader ds)
   at System.Data.SqlClient.SqlCommand.RunExecuteReader(CommandBehavior cmdBehavior, RunBehavior runBehavior, Boolean returnStream, String method, TaskCompletionSource`1 completion, Int32 timeout, Task& task, Boolean asyncWrite)
   at System.Data.SqlClient.SqlCommand.InternalExecuteNonQuery(TaskCompletionSource`1 completion, String methodName, Boolean sendToPipe, Int32 timeout, Boolean asyncWrite)
   at System.Data.SqlClient.SqlCommand.ExecuteNonQuery()
   at System.Data.SqlClient.SqlCommand.ExecuteBatchRPCCommand()
   at System.Data.SqlClient.SqlCommandSet.ExecuteNonQuery()
   at NHibernate.AdoNet.SqlClientSqlCommandSet.ExecuteNonQuery()
   at NHibernate.AdoNet.SqlClientBatchingBatcher.DoExecuteBatch(IDbCommand ps)
   at NHibernate.AdoNet.AbstractBatcher.ExecuteBatchWithTiming(IDbCommand ps)
   at NHibernate.AdoNet.AbstractBatcher.ExecuteBatch()
   at NHibernate.Engine.ActionQueue.ExecuteActions(IList list)
   at NHibernate.Engine.ActionQueue.ExecuteActions()
   at NHibernate.Event.Default.AbstractFlushingEventListener.PerformExecutions(IEventSource session)
   at NHibernate.Event.Default.DefaultFlushEventListener.OnFlush(FlushEvent event)
   at NHibernate.Impl.SessionImpl.Flush()
   at NHibernate.Transaction.AdoTransaction.Commit()
   at DigitizingDataBizLayer.Repositories.RepositoryBase`1.Update(T theEntity) in c:\Users\AGGREY\Documents\GitHub\GF_Web_Applications\applab-ug.applabmoney-ddlinkage\DigitizingDataBizLayer\Repositories\RepositoryBase.cs:line 143
[180857.PM] ~SqlDateTime overflow. Must be between 1/1/1753 12:00:00 AM and 12/31/9999 11:59:59 PM.
   at System.Data.SqlClient.TdsParser.TdsExecuteRPC(_SqlRPC[] rpcArray, Int32 timeout, Boolean inSchema, SqlNotificationRequest notificationRequest, TdsParserStateObject stateObj, Boolean isCommandProc, Boolean sync, TaskCompletionSource`1 completion, Int32 startRpc, Int32 startParam)
   at System.Data.SqlClient.SqlCommand.RunExecuteReaderTds(CommandBehavior cmdBehavior, RunBehavior runBehavior, Boolean returnStream, Boolean async, Int32 timeout, Task& task, Boolean asyncWrite, SqlDataReader ds)
   at System.Data.SqlClient.SqlCommand.RunExecuteReader(CommandBehavior cmdBehavior, RunBehavior runBehavior, Boolean returnStream, String method, TaskCompletionSource`1 completion, Int32 timeout, Task& task, Boolean asyncWrite)
   at System.Data.SqlClient.SqlCommand.InternalExecuteNonQuery(TaskCompletionSource`1 completion, String methodName, Boolean sendToPipe, Int32 timeout, Boolean asyncWrite)
   at System.Data.SqlClient.SqlCommand.ExecuteNonQuery()
   at System.Data.SqlClient.SqlCommand.ExecuteBatchRPCCommand()
   at System.Data.SqlClient.SqlCommandSet.ExecuteNonQuery()
   at NHibernate.AdoNet.SqlClientSqlCommandSet.ExecuteNonQuery()
   at NHibernate.AdoNet.SqlClientBatchingBatcher.DoExecuteBatch(IDbCommand ps)
   at NHibernate.AdoNet.AbstractBatcher.ExecuteBatchWithTiming(IDbCommand ps)
   at NHibernate.AdoNet.AbstractBatcher.ExecuteBatch()
   at NHibernate.Engine.ActionQueue.ExecuteActions(IList list)
   at NHibernate.Engine.ActionQueue.ExecuteActions()
   at NHibernate.Event.Default.AbstractFlushingEventListener.PerformExecutions(IEventSource session)
   at NHibernate.Event.Default.DefaultFlushEventListener.OnFlush(FlushEvent event)
   at NHibernate.Impl.SessionImpl.Flush()
   at NHibernate.Transaction.AdoTransaction.Commit()
   at DigitizingDataBizLayer.Repositories.RepositoryBase`1.Update(T theEntity) in c:\Users\AGGREY\Documents\GitHub\GF_Web_Applications\applab-ug.applabmoney-ddlinkage\DigitizingDataBizLayer\Repositories\RepositoryBase.cs:line 143
[181022.PM] ~SqlDateTime overflow. Must be between 1/1/1753 12:00:00 AM and 12/31/9999 11:59:59 PM.
   at System.Data.SqlClient.TdsParser.TdsExecuteRPC(_SqlRPC[] rpcArray, Int32 timeout, Boolean inSchema, SqlNotificationRequest notificationRequest, TdsParserStateObject stateObj, Boolean isCommandProc, Boolean sync, TaskCompletionSource`1 completion, Int32 startRpc, Int32 startParam)
   at System.Data.SqlClient.SqlCommand.RunExecuteReaderTds(CommandBehavior cmdBehavior, RunBehavior runBehavior, Boolean returnStream, Boolean async, Int32 timeout, Task& task, Boolean asyncWrite, SqlDataReader ds)
   at System.Data.SqlClient.SqlCommand.RunExecuteReader(CommandBehavior cmdBehavior, RunBehavior runBehavior, Boolean returnStream, String method, TaskCompletionSource`1 completion, Int32 timeout, Task& task, Boolean asyncWrite)
   at System.Data.SqlClient.SqlCommand.InternalExecuteNonQuery(TaskCompletionSource`1 completion, String methodName, Boolean sendToPipe, Int32 timeout, Boolean asyncWrite)
   at System.Data.SqlClient.SqlCommand.ExecuteNonQuery()
   at System.Data.SqlClient.SqlCommand.ExecuteBatchRPCCommand()
   at System.Data.SqlClient.SqlCommandSet.ExecuteNonQuery()
   at NHibernate.AdoNet.SqlClientSqlCommandSet.ExecuteNonQuery()
   at NHibernate.AdoNet.SqlClientBatchingBatcher.DoExecuteBatch(IDbCommand ps)
   at NHibernate.AdoNet.AbstractBatcher.ExecuteBatchWithTiming(IDbCommand ps)
   at NHibernate.AdoNet.AbstractBatcher.ExecuteBatch()
   at NHibernate.Engine.ActionQueue.ExecuteActions(IList list)
   at NHibernate.Engine.ActionQueue.ExecuteActions()
   at NHibernate.Event.Default.AbstractFlushingEventListener.PerformExecutions(IEventSource session)
   at NHibernate.Event.Default.DefaultFlushEventListener.OnFlush(FlushEvent event)
   at NHibernate.Impl.SessionImpl.Flush()
   at NHibernate.Transaction.AdoTransaction.Commit()
   at DigitizingDataBizLayer.Repositories.RepositoryBase`1.Update(T theEntity) in c:\Users\AGGREY\Documents\GitHub\GF_Web_Applications\applab-ug.applabmoney-ddlinkage\DigitizingDataBizLayer\Repositories\RepositoryBase.cs:line 143
[181446.PM] ~SqlDateTime overflow. Must be between 1/1/1753 12:00:00 AM and 12/31/9999 11:59:59 PM.
   at System.Data.SqlClient.TdsParser.TdsExecuteRPC(_SqlRPC[] rpcArray, Int32 timeout, Boolean inSchema, SqlNotificationRequest notificationRequest, TdsParserStateObject stateObj, Boolean isCommandProc, Boolean sync, TaskCompletionSource`1 completion, Int32 startRpc, Int32 startParam)
   at System.Data.SqlClient.SqlCommand.RunExecuteReaderTds(CommandBehavior cmdBehavior, RunBehavior runBehavior, Boolean returnStream, Boolean async, Int32 timeout, Task& task, Boolean asyncWrite, SqlDataReader ds)
   at System.Data.SqlClient.SqlCommand.RunExecuteReader(CommandBehavior cmdBehavior, RunBehavior runBehavior, Boolean returnStream, String method, TaskCompletionSource`1 completion, Int32 timeout, Task& task, Boolean asyncWrite)
   at System.Data.SqlClient.SqlCommand.InternalExecuteNonQuery(TaskCompletionSource`1 completion, String methodName, Boolean sendToPipe, Int32 timeout, Boolean asyncWrite)
   at System.Data.SqlClient.SqlCommand.ExecuteNonQuery()
   at System.Data.SqlClient.SqlCommand.ExecuteBatchRPCCommand()
   at System.Data.SqlClient.SqlCommandSet.ExecuteNonQuery()
   at NHibernate.AdoNet.SqlClientSqlCommandSet.ExecuteNonQuery()
   at NHibernate.AdoNet.SqlClientBatchingBatcher.DoExecuteBatch(IDbCommand ps)
   at NHibernate.AdoNet.AbstractBatcher.ExecuteBatchWithTiming(IDbCommand ps)
   at NHibernate.AdoNet.AbstractBatcher.ExecuteBatch()
   at NHibernate.Engine.ActionQueue.ExecuteActions(IList list)
   at NHibernate.Engine.ActionQueue.ExecuteActions()
   at NHibernate.Event.Default.AbstractFlushingEventListener.PerformExecutions(IEventSource session)
   at NHibernate.Event.Default.DefaultFlushEventListener.OnFlush(FlushEvent event)
   at NHibernate.Impl.SessionImpl.Flush()
   at NHibernate.Transaction.AdoTransaction.Commit()
   at DigitizingDataBizLayer.Repositories.RepositoryBase`1.Update(T theEntity) in c:\Users\AGGREY\Documents\GitHub\GF_Web_Applications\applab-ug.applabmoney-ddlinkage\DigitizingDataBizLayer\Repositories\RepositoryBase.cs:line 143
[181801.PM] ~SqlDateTime overflow. Must be between 1/1/1753 12:00:00 AM and 12/31/9999 11:59:59 PM.
   at System.Data.SqlClient.TdsParser.TdsExecuteRPC(_SqlRPC[] rpcArray, Int32 timeout, Boolean inSchema, SqlNotificationRequest notificationRequest, TdsParserStateObject stateObj, Boolean isCommandProc, Boolean sync, TaskCompletionSource`1 completion, Int32 startRpc, Int32 startParam)
   at System.Data.SqlClient.SqlCommand.RunExecuteReaderTds(CommandBehavior cmdBehavior, RunBehavior runBehavior, Boolean returnStream, Boolean async, Int32 timeout, Task& task, Boolean asyncWrite, SqlDataReader ds)
   at System.Data.SqlClient.SqlCommand.RunExecuteReader(CommandBehavior cmdBehavior, RunBehavior runBehavior, Boolean returnStream, String method, TaskCompletionSource`1 completion, Int32 timeout, Task& task, Boolean asyncWrite)
   at System.Data.SqlClient.SqlCommand.InternalExecuteNonQuery(TaskCompletionSource`1 completion, String methodName, Boolean sendToPipe, Int32 timeout, Boolean asyncWrite)
   at System.Data.SqlClient.SqlCommand.ExecuteNonQuery()
   at System.Data.SqlClient.SqlCommand.ExecuteBatchRPCCommand()
   at System.Data.SqlClient.SqlCommandSet.ExecuteNonQuery()
   at NHibernate.AdoNet.SqlClientSqlCommandSet.ExecuteNonQuery()
   at NHibernate.AdoNet.SqlClientBatchingBatcher.DoExecuteBatch(IDbCommand ps)
   at NHibernate.AdoNet.AbstractBatcher.ExecuteBatchWithTiming(IDbCommand ps)
   at NHibernate.AdoNet.AbstractBatcher.ExecuteBatch()
   at NHibernate.Engine.ActionQueue.ExecuteActions(IList list)
   at NHibernate.Engine.ActionQueue.ExecuteActions()
   at NHibernate.Event.Default.AbstractFlushingEventListener.PerformExecutions(IEventSource session)
   at NHibernate.Event.Default.DefaultFlushEventListener.OnFlush(FlushEvent event)
   at NHibernate.Impl.SessionImpl.Flush()
   at NHibernate.Transaction.AdoTransaction.Commit()
   at DigitizingDataBizLayer.Repositories.RepositoryBase`1.Update(T theEntity) in c:\Users\AGGREY\Documents\GitHub\GF_Web_Applications\applab-ug.applabmoney-ddlinkage\DigitizingDataBizLayer\Repositories\RepositoryBase.cs:line 143
[181938.PM] ~SqlDateTime overflow. Must be between 1/1/1753 12:00:00 AM and 12/31/9999 11:59:59 PM.
   at System.Data.SqlClient.TdsParser.TdsExecuteRPC(_SqlRPC[] rpcArray, Int32 timeout, Boolean inSchema, SqlNotificationRequest notificationRequest, TdsParserStateObject stateObj, Boolean isCommandProc, Boolean sync, TaskCompletionSource`1 completion, Int32 startRpc, Int32 startParam)
   at System.Data.SqlClient.SqlCommand.RunExecuteReaderTds(CommandBehavior cmdBehavior, RunBehavior runBehavior, Boolean returnStream, Boolean async, Int32 timeout, Task& task, Boolean asyncWrite, SqlDataReader ds)
   at System.Data.SqlClient.SqlCommand.RunExecuteReader(CommandBehavior cmdBehavior, RunBehavior runBehavior, Boolean returnStream, String method, TaskCompletionSource`1 completion, Int32 timeout, Task& task, Boolean asyncWrite)
   at System.Data.SqlClient.SqlCommand.InternalExecuteNonQuery(TaskCompletionSource`1 completion, String methodName, Boolean sendToPipe, Int32 timeout, Boolean asyncWrite)
   at System.Data.SqlClient.SqlCommand.ExecuteNonQuery()
   at System.Data.SqlClient.SqlCommand.ExecuteBatchRPCCommand()
   at System.Data.SqlClient.SqlCommandSet.ExecuteNonQuery()
   at NHibernate.AdoNet.SqlClientSqlCommandSet.ExecuteNonQuery()
   at NHibernate.AdoNet.SqlClientBatchingBatcher.DoExecuteBatch(IDbCommand ps)
   at NHibernate.AdoNet.AbstractBatcher.ExecuteBatchWithTiming(IDbCommand ps)
   at NHibernate.AdoNet.AbstractBatcher.ExecuteBatch()
   at NHibernate.Engine.ActionQueue.ExecuteActions(IList list)
   at NHibernate.Engine.ActionQueue.ExecuteActions()
   at NHibernate.Event.Default.AbstractFlushingEventListener.PerformExecutions(IEventSource session)
   at NHibernate.Event.Default.DefaultFlushEventListener.OnFlush(FlushEvent event)
   at NHibernate.Impl.SessionImpl.Flush()
   at NHibernate.Transaction.AdoTransaction.Commit()
   at DigitizingDataBizLayer.Repositories.RepositoryBase`1.Update(T theEntity) in c:\Users\AGGREY\Documents\GitHub\GF_Web_Applications\applab-ug.applabmoney-ddlinkage\DigitizingDataBizLayer\Repositories\RepositoryBase.cs:line 143
[182519.PM] ~SqlDateTime overflow. Must be between 1/1/1753 12:00:00 AM and 12/31/9999 11:59:59 PM.
   at System.Data.SqlClient.TdsParser.TdsExecuteRPC(_SqlRPC[] rpcArray, Int32 timeout, Boolean inSchema, SqlNotificationRequest notificationRequest, TdsParserStateObject stateObj, Boolean isCommandProc, Boolean sync, TaskCompletionSource`1 completion, Int32 startRpc, Int32 startParam)
   at System.Data.SqlClient.SqlCommand.RunExecuteReaderTds(CommandBehavior cmdBehavior, RunBehavior runBehavior, Boolean returnStream, Boolean async, Int32 timeout, Task& task, Boolean asyncWrite, SqlDataReader ds)
   at System.Data.SqlClient.SqlCommand.RunExecuteReader(CommandBehavior cmdBehavior, RunBehavior runBehavior, Boolean returnStream, String method, TaskCompletionSource`1 completion, Int32 timeout, Task& task, Boolean asyncWrite)
   at System.Data.SqlClient.SqlCommand.InternalExecuteNonQuery(TaskCompletionSource`1 completion, String methodName, Boolean sendToPipe, Int32 timeout, Boolean asyncWrite)
   at System.Data.SqlClient.SqlCommand.ExecuteNonQuery()
   at System.Data.SqlClient.SqlCommand.ExecuteBatchRPCCommand()
   at System.Data.SqlClient.SqlCommandSet.ExecuteNonQuery()
   at NHibernate.AdoNet.SqlClientSqlCommandSet.ExecuteNonQuery()
   at NHibernate.AdoNet.SqlClientBatchingBatcher.DoExecuteBatch(IDbCommand ps)
   at NHibernate.AdoNet.AbstractBatcher.ExecuteBatchWithTiming(IDbCommand ps)
   at NHibernate.AdoNet.AbstractBatcher.ExecuteBatch()
   at NHibernate.Engine.ActionQueue.ExecuteActions(IList list)
   at NHibernate.Engine.ActionQueue.ExecuteActions()
   at NHibernate.Event.Default.AbstractFlushingEventListener.PerformExecutions(IEventSource session)
   at NHibernate.Event.Default.DefaultFlushEventListener.OnFlush(FlushEvent event)
   at NHibernate.Impl.SessionImpl.Flush()
   at NHibernate.Transaction.AdoTransaction.Commit()
   at DigitizingDataBizLayer.Repositories.RepositoryBase`1.Update(T theEntity) in c:\Users\AGGREY\Documents\GitHub\GF_Web_Applications\applab-ug.applabmoney-ddlinkage\DigitizingDataBizLayer\Repositories\RepositoryBase.cs:line 143
[184347.PM] ~SqlDateTime overflow. Must be between 1/1/1753 12:00:00 AM and 12/31/9999 11:59:59 PM.
   at System.Data.SqlClient.TdsParser.TdsExecuteRPC(_SqlRPC[] rpcArray, Int32 timeout, Boolean inSchema, SqlNotificationRequest notificationRequest, TdsParserStateObject stateObj, Boolean isCommandProc, Boolean sync, TaskCompletionSource`1 completion, Int32 startRpc, Int32 startParam)
   at System.Data.SqlClient.SqlCommand.RunExecuteReaderTds(CommandBehavior cmdBehavior, RunBehavior runBehavior, Boolean returnStream, Boolean async, Int32 timeout, Task& task, Boolean asyncWrite, SqlDataReader ds)
   at System.Data.SqlClient.SqlCommand.RunExecuteReader(CommandBehavior cmdBehavior, RunBehavior runBehavior, Boolean returnStream, String method, TaskCompletionSource`1 completion, Int32 timeout, Task& task, Boolean asyncWrite)
   at System.Data.SqlClient.SqlCommand.InternalExecuteNonQuery(TaskCompletionSource`1 completion, String methodName, Boolean sendToPipe, Int32 timeout, Boolean asyncWrite)
   at System.Data.SqlClient.SqlCommand.ExecuteNonQuery()
   at System.Data.SqlClient.SqlCommand.ExecuteBatchRPCCommand()
   at System.Data.SqlClient.SqlCommandSet.ExecuteNonQuery()
   at NHibernate.AdoNet.SqlClientSqlCommandSet.ExecuteNonQuery()
   at NHibernate.AdoNet.SqlClientBatchingBatcher.DoExecuteBatch(IDbCommand ps)
   at NHibernate.AdoNet.AbstractBatcher.ExecuteBatchWithTiming(IDbCommand ps)
   at NHibernate.AdoNet.AbstractBatcher.ExecuteBatch()
   at NHibernate.Engine.ActionQueue.ExecuteActions(IList list)
   at NHibernate.Engine.ActionQueue.ExecuteActions()
   at NHibernate.Event.Default.AbstractFlushingEventListener.PerformExecutions(IEventSource session)
   at NHibernate.Event.Default.DefaultFlushEventListener.OnFlush(FlushEvent event)
   at NHibernate.Impl.SessionImpl.Flush()
   at NHibernate.Transaction.AdoTransaction.Commit()
   at DigitizingDataBizLayer.Repositories.RepositoryBase`1.Update(T theEntity) in c:\Users\AGGREY\Documents\GitHub\GF_Web_Applications\applab-ug.applabmoney-ddlinkage\DigitizingDataBizLayer\Repositories\RepositoryBase.cs:line 143
[184657.PM] ~SqlDateTime overflow. Must be between 1/1/1753 12:00:00 AM and 12/31/9999 11:59:59 PM.
   at System.Data.SqlClient.TdsParser.TdsExecuteRPC(_SqlRPC[] rpcArray, Int32 timeout, Boolean inSchema, SqlNotificationRequest notificationRequest, TdsParserStateObject stateObj, Boolean isCommandProc, Boolean sync, TaskCompletionSource`1 completion, Int32 startRpc, Int32 startParam)
   at System.Data.SqlClient.SqlCommand.RunExecuteReaderTds(CommandBehavior cmdBehavior, RunBehavior runBehavior, Boolean returnStream, Boolean async, Int32 timeout, Task& task, Boolean asyncWrite, SqlDataReader ds)
   at System.Data.SqlClient.SqlCommand.RunExecuteReader(CommandBehavior cmdBehavior, RunBehavior runBehavior, Boolean returnStream, String method, TaskCompletionSource`1 completion, Int32 timeout, Task& task, Boolean asyncWrite)
   at System.Data.SqlClient.SqlCommand.InternalExecuteNonQuery(TaskCompletionSource`1 completion, String methodName, Boolean sendToPipe, Int32 timeout, Boolean asyncWrite)
   at System.Data.SqlClient.SqlCommand.ExecuteNonQuery()
   at System.Data.SqlClient.SqlCommand.ExecuteBatchRPCCommand()
   at System.Data.SqlClient.SqlCommandSet.ExecuteNonQuery()
   at NHibernate.AdoNet.SqlClientSqlCommandSet.ExecuteNonQuery()
   at NHibernate.AdoNet.SqlClientBatchingBatcher.DoExecuteBatch(IDbCommand ps)
   at NHibernate.AdoNet.AbstractBatcher.ExecuteBatchWithTiming(IDbCommand ps)
   at NHibernate.AdoNet.AbstractBatcher.ExecuteBatch()
   at NHibernate.Engine.ActionQueue.ExecuteActions(IList list)
   at NHibernate.Engine.ActionQueue.ExecuteActions()
   at NHibernate.Event.Default.AbstractFlushingEventListener.PerformExecutions(IEventSource session)
   at NHibernate.Event.Default.DefaultFlushEventListener.OnFlush(FlushEvent event)
   at NHibernate.Impl.SessionImpl.Flush()
   at NHibernate.Transaction.AdoTransaction.Commit()
   at DigitizingDataBizLayer.Repositories.RepositoryBase`1.Update(T theEntity) in c:\Users\AGGREY\Documents\GitHub\GF_Web_Applications\applab-ug.applabmoney-ddlinkage\DigitizingDataBizLayer\Repositories\RepositoryBase.cs:line 143
[184736.PM] ~SqlDateTime overflow. Must be between 1/1/1753 12:00:00 AM and 12/31/9999 11:59:59 PM.
   at System.Data.SqlClient.TdsParser.TdsExecuteRPC(_SqlRPC[] rpcArray, Int32 timeout, Boolean inSchema, SqlNotificationRequest notificationRequest, TdsParserStateObject stateObj, Boolean isCommandProc, Boolean sync, TaskCompletionSource`1 completion, Int32 startRpc, Int32 startParam)
   at System.Data.SqlClient.SqlCommand.RunExecuteReaderTds(CommandBehavior cmdBehavior, RunBehavior runBehavior, Boolean returnStream, Boolean async, Int32 timeout, Task& task, Boolean asyncWrite, SqlDataReader ds)
   at System.Data.SqlClient.SqlCommand.RunExecuteReader(CommandBehavior cmdBehavior, RunBehavior runBehavior, Boolean returnStream, String method, TaskCompletionSource`1 completion, Int32 timeout, Task& task, Boolean asyncWrite)
   at System.Data.SqlClient.SqlCommand.InternalExecuteNonQuery(TaskCompletionSource`1 completion, String methodName, Boolean sendToPipe, Int32 timeout, Boolean asyncWrite)
   at System.Data.SqlClient.SqlCommand.ExecuteNonQuery()
   at System.Data.SqlClient.SqlCommand.ExecuteBatchRPCCommand()
   at System.Data.SqlClient.SqlCommandSet.ExecuteNonQuery()
   at NHibernate.AdoNet.SqlClientSqlCommandSet.ExecuteNonQuery()
   at NHibernate.AdoNet.SqlClientBatchingBatcher.DoExecuteBatch(IDbCommand ps)
   at NHibernate.AdoNet.AbstractBatcher.ExecuteBatchWithTiming(IDbCommand ps)
   at NHibernate.AdoNet.AbstractBatcher.ExecuteBatch()
   at NHibernate.Engine.ActionQueue.ExecuteActions(IList list)
   at NHibernate.Engine.ActionQueue.ExecuteActions()
   at NHibernate.Event.Default.AbstractFlushingEventListener.PerformExecutions(IEventSource session)
   at NHibernate.Event.Default.DefaultFlushEventListener.OnFlush(FlushEvent event)
   at NHibernate.Impl.SessionImpl.Flush()
   at NHibernate.Transaction.AdoTransaction.Commit()
   at DigitizingDataBizLayer.Repositories.RepositoryBase`1.Update(T theEntity) in c:\Users\AGGREY\Documents\GitHub\GF_Web_Applications\applab-ug.applabmoney-ddlinkage\DigitizingDataBizLayer\Repositories\RepositoryBase.cs:line 143
[185624.PM] ~SqlDateTime overflow. Must be between 1/1/1753 12:00:00 AM and 12/31/9999 11:59:59 PM.
   at System.Data.SqlClient.TdsParser.TdsExecuteRPC(_SqlRPC[] rpcArray, Int32 timeout, Boolean inSchema, SqlNotificationRequest notificationRequest, TdsParserStateObject stateObj, Boolean isCommandProc, Boolean sync, TaskCompletionSource`1 completion, Int32 startRpc, Int32 startParam)
   at System.Data.SqlClient.SqlCommand.RunExecuteReaderTds(CommandBehavior cmdBehavior, RunBehavior runBehavior, Boolean returnStream, Boolean async, Int32 timeout, Task& task, Boolean asyncWrite, SqlDataReader ds)
   at System.Data.SqlClient.SqlCommand.RunExecuteReader(CommandBehavior cmdBehavior, RunBehavior runBehavior, Boolean returnStream, String method, TaskCompletionSource`1 completion, Int32 timeout, Task& task, Boolean asyncWrite)
   at System.Data.SqlClient.SqlCommand.InternalExecuteNonQuery(TaskCompletionSource`1 completion, String methodName, Boolean sendToPipe, Int32 timeout, Boolean asyncWrite)
   at System.Data.SqlClient.SqlCommand.ExecuteNonQuery()
   at System.Data.SqlClient.SqlCommand.ExecuteBatchRPCCommand()
   at System.Data.SqlClient.SqlCommandSet.ExecuteNonQuery()
   at NHibernate.AdoNet.SqlClientSqlCommandSet.ExecuteNonQuery()
   at NHibernate.AdoNet.SqlClientBatchingBatcher.DoExecuteBatch(IDbCommand ps)
   at NHibernate.AdoNet.AbstractBatcher.ExecuteBatchWithTiming(IDbCommand ps)
   at NHibernate.AdoNet.AbstractBatcher.ExecuteBatch()
   at NHibernate.Engine.ActionQueue.ExecuteActions(IList list)
   at NHibernate.Engine.ActionQueue.ExecuteActions()
   at NHibernate.Event.Default.AbstractFlushingEventListener.PerformExecutions(IEventSource session)
   at NHibernate.Event.Default.DefaultFlushEventListener.OnFlush(FlushEvent event)
   at NHibernate.Impl.SessionImpl.Flush()
   at NHibernate.Transaction.AdoTransaction.Commit()
   at DigitizingDataBizLayer.Repositories.RepositoryBase`1.Update(T theEntity) in c:\Users\AGGREY\Documents\GitHub\GF_Web_Applications\applab-ug.applabmoney-ddlinkage\DigitizingDataBizLayer\Repositories\RepositoryBase.cs:line 143
