[163540.PM] ~object references an unsaved transient instance - save the transient instance before flushing or set cascade action for the property to something that would make it autosave. Type: DigitizingDataDomain.Model.VslaRegion, Entity: DigitizingDataDomain.Model.VslaRegion
   at NHibernate.Engine.ForeignKeys.GetEntityIdentifierIfNotUnsaved(String entityName, Object entity, ISessionImplementor session)
   at NHibernate.Type.EntityType.GetIdentifier(Object value, ISessionImplementor session)
   at NHibernate.Type.ManyToOneType.IsDirty(Object old, Object current, Boolean[] checkable, ISessionImplementor session)
   at NHibernate.Type.TypeHelper.Dirty(StandardProperty[] properties, Object[] currentState, Object[] previousState, Boolean[][] includeColumns, Boolean anyUninitializedProperties, ISessionImplementor session, Int32 i)
   at NHibernate.Type.TypeHelper.FindDirty(StandardProperty[] properties, Object[] currentState, Object[] previousState, Boolean[][] includeColumns, Boolean anyUninitializedProperties, ISessionImplementor session)
   at NHibernate.Persister.Entity.AbstractEntityPersister.FindDirty(Object[] currentState, Object[] previousState, Object entity, ISessionImplementor session)
   at NHibernate.Event.Default.DefaultFlushEntityEventListener.DirtyCheck(FlushEntityEvent event)
   at NHibernate.Event.Default.DefaultFlushEntityEventListener.IsUpdateNecessary(FlushEntityEvent event, Boolean mightBeDirty)
   at NHibernate.Event.Default.DefaultFlushEntityEventListener.OnFlushEntity(FlushEntityEvent event)
   at NHibernate.Event.Default.AbstractFlushingEventListener.FlushEntities(FlushEvent event)
   at NHibernate.Event.Default.AbstractFlushingEventListener.FlushEverythingToExecutions(FlushEvent event)
   at NHibernate.Event.Default.DefaultFlushEventListener.OnFlush(FlushEvent event)
   at NHibernate.Impl.SessionImpl.Flush()
   at DigitizingDataBizLayer.Repositories.RepositoryBase`1.DiscardCurrentSession() in c:\Users\AGGREY\Documents\GitHub\GF_Web_Applications\applab-ug.applabmoney-ddlinkage\DigitizingDataBizLayer\Repositories\RepositoryBase.cs:line 186
[163540.PM] ~object references an unsaved transient instance - save the transient instance before flushing or set cascade action for the property to something that would make it autosave. Type: DigitizingDataDomain.Model.VslaRegion, Entity: DigitizingDataDomain.Model.VslaRegion
   at NHibernate.Engine.ForeignKeys.GetEntityIdentifierIfNotUnsaved(String entityName, Object entity, ISessionImplementor session)
   at NHibernate.Type.EntityType.GetIdentifier(Object value, ISessionImplementor session)
   at NHibernate.Type.ManyToOneType.IsDirty(Object old, Object current, Boolean[] checkable, ISessionImplementor session)
   at NHibernate.Type.TypeHelper.Dirty(StandardProperty[] properties, Object[] currentState, Object[] previousState, Boolean[][] includeColumns, Boolean anyUninitializedProperties, ISessionImplementor session, Int32 i)
   at NHibernate.Type.TypeHelper.FindDirty(StandardProperty[] properties, Object[] currentState, Object[] previousState, Boolean[][] includeColumns, Boolean anyUninitializedProperties, ISessionImplementor session)
   at NHibernate.Persister.Entity.AbstractEntityPersister.FindDirty(Object[] currentState, Object[] previousState, Object entity, ISessionImplementor session)
   at NHibernate.Event.Default.DefaultFlushEntityEventListener.DirtyCheck(FlushEntityEvent event)
   at NHibernate.Event.Default.DefaultFlushEntityEventListener.IsUpdateNecessary(FlushEntityEvent event, Boolean mightBeDirty)
   at NHibernate.Event.Default.DefaultFlushEntityEventListener.OnFlushEntity(FlushEntityEvent event)
   at NHibernate.Event.Default.AbstractFlushingEventListener.FlushEntities(FlushEvent event)
   at NHibernate.Event.Default.AbstractFlushingEventListener.FlushEverythingToExecutions(FlushEvent event)
   at NHibernate.Event.Default.DefaultFlushEventListener.OnFlush(FlushEvent event)
   at NHibernate.Impl.SessionImpl.Flush()
   at NHibernate.Transaction.AdoTransaction.Commit()
   at DigitizingDataBizLayer.Repositories.RepositoryBase`1.Update(T theEntity) in c:\Users\AGGREY\Documents\GitHub\GF_Web_Applications\applab-ug.applabmoney-ddlinkage\DigitizingDataBizLayer\Repositories\RepositoryBase.cs:line 143
