[103821.AM] ~could not execute batch command.[SQL: SQL not available]
Cannot insert the value NULL into column 'Username', table 'ledgerlink.dbo.Users'; column does not allow nulls. UPDATE fails.
The statement has been terminated.
   at NHibernate.AdoNet.SqlClientBatchingBatcher.DoExecuteBatch(IDbCommand ps)
   at NHibernate.AdoNet.AbstractBatcher.ExecuteBatchWithTiming(IDbCommand ps)
   at NHibernate.AdoNet.AbstractBatcher.ExecuteBatch()
   at NHibernate.Engine.ActionQueue.ExecuteActions(IList list)
   at NHibernate.Engine.ActionQueue.ExecuteActions()
   at NHibernate.Event.Default.AbstractFlushingEventListener.PerformExecutions(IEventSource session)
   at NHibernate.Event.Default.DefaultFlushEventListener.OnFlush(FlushEvent event)
   at NHibernate.Impl.SessionImpl.Flush()
   at NHibernate.Transaction.AdoTransaction.Commit()
   at DigitizingDataBizLayer.Repositories.RepositoryBase`1.Update(T theEntity) in c:\Users\AGGREY\Documents\GitHub\GF_Web_Applications\applab-ug.applabmoney-ddlinkage\DigitizingDataBizLayer\Repositories\RepositoryBase.cs:line 143
[104147.AM] ~could not execute batch command.[SQL: SQL not available]
Cannot insert the value NULL into column 'Username', table 'ledgerlink.dbo.Users'; column does not allow nulls. UPDATE fails.
The statement has been terminated.
   at NHibernate.AdoNet.SqlClientBatchingBatcher.DoExecuteBatch(IDbCommand ps)
   at NHibernate.AdoNet.AbstractBatcher.ExecuteBatchWithTiming(IDbCommand ps)
   at NHibernate.AdoNet.AbstractBatcher.ExecuteBatch()
   at NHibernate.Engine.ActionQueue.ExecuteActions(IList list)
   at NHibernate.Engine.ActionQueue.ExecuteActions()
   at NHibernate.Event.Default.AbstractFlushingEventListener.PerformExecutions(IEventSource session)
   at NHibernate.Event.Default.DefaultFlushEventListener.OnFlush(FlushEvent event)
   at NHibernate.Impl.SessionImpl.Flush()
   at NHibernate.Transaction.AdoTransaction.Commit()
   at DigitizingDataBizLayer.Repositories.RepositoryBase`1.Update(T theEntity) in c:\Users\AGGREY\Documents\GitHub\GF_Web_Applications\applab-ug.applabmoney-ddlinkage\DigitizingDataBizLayer\Repositories\RepositoryBase.cs:line 143
[104729.AM] ~could not execute batch command.[SQL: SQL not available]
Cannot insert the value NULL into column 'Username', table 'ledgerlink.dbo.Users'; column does not allow nulls. UPDATE fails.
The statement has been terminated.
   at NHibernate.AdoNet.SqlClientBatchingBatcher.DoExecuteBatch(IDbCommand ps)
   at NHibernate.AdoNet.AbstractBatcher.ExecuteBatchWithTiming(IDbCommand ps)
   at NHibernate.AdoNet.AbstractBatcher.ExecuteBatch()
   at NHibernate.Engine.ActionQueue.ExecuteActions(IList list)
   at NHibernate.Engine.ActionQueue.ExecuteActions()
   at NHibernate.Event.Default.AbstractFlushingEventListener.PerformExecutions(IEventSource session)
   at NHibernate.Event.Default.DefaultFlushEventListener.OnFlush(FlushEvent event)
   at NHibernate.Impl.SessionImpl.Flush()
   at NHibernate.Transaction.AdoTransaction.Commit()
   at DigitizingDataBizLayer.Repositories.RepositoryBase`1.Update(T theEntity) in c:\Users\AGGREY\Documents\GitHub\GF_Web_Applications\applab-ug.applabmoney-ddlinkage\DigitizingDataBizLayer\Repositories\RepositoryBase.cs:line 143
